<?xml version="1.0" encoding="UTF-8"?>
<testsuite xmlns:xsi="http://www.w3.org/2001/XMLSchema-instance" xsi:noNamespaceSchemaLocation="https://maven.apache.org/surefire/maven-surefire-plugin/xsd/surefire-test-report-3.0.xsd" version="3.0" name="com.telemedicina.TelemedicinaApplicationTests" time="11.879" tests="1" errors="0" skipped="0" failures="0">
  <properties>
[...]
</properties>
  <testcase name="contextLoads" classname="com.telemedicina.TelemedicinaApplicationTests" time="0.916">
    <system-out><![CDATA[12:11:00.372 [main] INFO org.springframework.test.context.support.AnnotationConfigContextLoaderUtils -- Could not detect default configuration classes for test class [com.telemedicina.TelemedicinaApplicationTests]: TelemedicinaApplicationTests does not declare any static, non-private, non-final, nested classes annotated with @Configuration.
12:11:00.684 [main] INFO org.springframework.boot.test.context.SpringBootTestContextBootstrapper -- Found @SpringBootConfiguration com.telemedicina.TelemedicinaApplication for test class com.telemedicina.TelemedicinaApplicationTests
12:11  INFO 74938 --- [telemedicina] [           main] c.t.TelemedicinaApplicationTests         : Starting TelemedicinaApplicationTests using Java 21.0.2 with PID 74938 (started by nicolas in /home/nicolas/c18 java/c-18-30-java-react/api/Back)
12:11  INFO 74938 --- [telemedicina] [           main] c.t.TelemedicinaApplicationTests         : No active profile set, falling back to 1 default profile: "default"
12:11  INFO 74938 --- [telemedicina] [           main] .s.d.r.c.RepositoryConfigurationDelegate : Multiple Spring Data modules found, entering strict repository configuration mode
12:11  INFO 74938 --- [telemedicina] [           main] .s.d.r.c.RepositoryConfigurationDelegate : Bootstrapping Spring Data JDBC repositories in DEFAULT mode.
12:11  INFO 74938 --- [telemedicina] [           main] .RepositoryConfigurationExtensionSupport : Spring Data JDBC - Could not safely identify store assignment for repository candidate interface com.telemedicina.repositorys.DoctorRepository; If you want this repository to be a JDBC repository, consider annotating your entities with one of these annotations: org.springframework.data.relational.core.mapping.Table.
12:11  INFO 74938 --- [telemedicina] [           main] .RepositoryConfigurationExtensionSupport : Spring Data JDBC - Could not safely identify store assignment for repository candidate interface com.telemedicina.repositorys.MedicalConsultationRepository; If you want this repository to be a JDBC repository, consider annotating your entities with one of these annotations: org.springframework.data.relational.core.mapping.Table.
12:11  INFO 74938 --- [telemedicina] [           main] .RepositoryConfigurationExtensionSupport : Spring Data JDBC - Could not safely identify store assignment for repository candidate interface com.telemedicina.repositorys.PatientRepository; If you want this repository to be a JDBC repository, consider annotating your entities with one of these annotations: org.springframework.data.relational.core.mapping.Table.
12:11  INFO 74938 --- [telemedicina] [           main] .RepositoryConfigurationExtensionSupport : Spring Data JDBC - Could not safely identify store assignment for repository candidate interface com.telemedicina.repositorys.UserRepository; If you want this repository to be a JDBC repository, consider annotating your entities with one of these annotations: org.springframework.data.relational.core.mapping.Table.
12:11  INFO 74938 --- [telemedicina] [           main] .s.d.r.c.RepositoryConfigurationDelegate : Finished Spring Data repository scanning in 60 ms. Found 0 JDBC repository interfaces.
12:11  INFO 74938 --- [telemedicina] [           main] .s.d.r.c.RepositoryConfigurationDelegate : Multiple Spring Data modules found, entering strict repository configuration mode
12:11  INFO 74938 --- [telemedicina] [           main] .s.d.r.c.RepositoryConfigurationDelegate : Bootstrapping Spring Data JPA repositories in DEFAULT mode.
12:11  INFO 74938 --- [telemedicina] [           main] .s.d.r.c.RepositoryConfigurationDelegate : Finished Spring Data repository scanning in 59 ms. Found 4 JPA repository interfaces.
12:11  INFO 74938 --- [telemedicina] [           main] com.zaxxer.hikari.HikariDataSource       : HikariPool-1 - Starting...
12:11  INFO 74938 --- [telemedicina] [           main] com.zaxxer.hikari.pool.HikariPool        : HikariPool-1 - Added connection com.mysql.cj.jdbc.ConnectionImpl@739e8b96
12:11  INFO 74938 --- [telemedicina] [           main] com.zaxxer.hikari.HikariDataSource       : HikariPool-1 - Start completed.
12:11  INFO 74938 --- [telemedicina] [           main] o.hibernate.jpa.internal.util.LogHelper  : HHH000204: Processing PersistenceUnitInfo [name: default]
12:11  INFO 74938 --- [telemedicina] [           main] org.hibernate.Version                    : HHH000412: Hibernate ORM core version 6.5.2.Final
12:11  INFO 74938 --- [telemedicina] [           main] o.h.c.internal.RegionFactoryInitiator    : HHH000026: Second-level cache disabled
12:11  INFO 74938 --- [telemedicina] [           main] o.s.o.j.p.SpringPersistenceUnitInfo      : No LoadTimeWeaver setup: ignoring JPA class transformer
12:11  WARN 74938 --- [telemedicina] [           main] org.hibernate.orm.deprecation            : HHH90000025: MySQL8Dialect does not need to be specified explicitly using 'hibernate.dialect' (remove the property setting and it will be selected by default)
12:11  WARN 74938 --- [telemedicina] [           main] org.hibernate.orm.deprecation            : HHH90000026: MySQL8Dialect has been deprecated; use org.hibernate.dialect.MySQLDialect instead
12:11  INFO 74938 --- [telemedicina] [           main] o.h.e.t.j.p.i.JtaPlatformInitiator       : HHH000489: No JTA platform available (set 'hibernate.transaction.jta.platform' to enable JTA platform integration)
12:11  INFO 74938 --- [telemedicina] [           main] j.LocalContainerEntityManagerFactoryBean : Initialized JPA EntityManagerFactory for persistence unit 'default'
12:11  INFO 74938 --- [telemedicina] [           main] o.s.d.j.r.query.QueryEnhancerFactory     : JSqlParser is in classpath; If applicable, JSqlParser will be used
12:11  INFO 74938 --- [telemedicina] [           main] o.s.d.j.r.query.QueryEnhancerFactory     : Hibernate is in classpath; If applicable, HQL parser will be used.
12:11  INFO 74938 --- [telemedicina] [           main] eAuthenticationProviderManagerConfigurer : Global AuthenticationManager configured with AuthenticationProvider bean with name authenticationProvider
12:11  WARN 74938 --- [telemedicina] [           main] r$InitializeUserDetailsManagerConfigurer : Global AuthenticationManager configured with an AuthenticationProvider bean. UserDetailsService beans will not be used for username/password login. Consider removing the AuthenticationProvider bean. Alternatively, consider using the UserDetailsService in a manually instantiated DaoAuthenticationProvider.
12:11  WARN 74938 --- [telemedicina] [           main] JpaBaseConfiguration$JpaWebConfiguration : spring.jpa.open-in-view is enabled by default. Therefore, database queries may be performed during view rendering. Explicitly configure spring.jpa.open-in-view to disable this warning
12:11  INFO 74938 --- [telemedicina] [           main] o.s.s.web.DefaultSecurityFilterChain     : Will secure any request with [org.springframework.security.web.session.DisableEncodeUrlFilter@363d29dd, org.springframework.security.web.context.request.async.WebAsyncManagerIntegrationFilter@19b4dd60, org.springframework.security.web.context.SecurityContextHolderFilter@7d086485, org.springframework.security.web.header.HeaderWriterFilter@1a18e68a, org.springframework.web.filter.CorsFilter@17554316, org.springframework.security.web.authentication.logout.LogoutFilter@376bae20, com.telemedicina.Jwt.JwtAuthFilter@ff12b53, org.springframework.security.web.savedrequest.RequestCacheAwareFilter@3b171fbd, org.springframework.security.web.servletapi.SecurityContextHolderAwareRequestFilter@294b045b, org.springframework.security.web.authentication.AnonymousAuthenticationFilter@40f77135, org.springframework.security.web.session.SessionManagementFilter@7dbe858f, org.springframework.security.web.access.ExceptionTranslationFilter@93c66ef, org.springframework.security.web.access.intercept.AuthorizationFilter@3203a4ae]
12:11  INFO 74938 --- [telemedicina] [           main] c.t.TelemedicinaApplicationTests         : Started TelemedicinaApplicationTests in 9.63 seconds (process running for 12.685)
]]></system-out>
    <system-err><![CDATA[WARNING: A Java agent has been loaded dynamically (/home/nicolas/.m2/repository/net/bytebuddy/byte-buddy-agent/1.14.16/byte-buddy-agent-1.14.16.jar)
WARNING: If a serviceability tool is in use, please run with -XX:+EnableDynamicAgentLoading to hide this warning
WARNING: If a serviceability tool is not in use, please run with -Djdk.instrument.traceUsage for more information
WARNING: Dynamic loading of agents will be disallowed by default in a future release
]]></system-err>
  </testcase>
</testsuite>